Build started 2015-04-20 14:49:02.
     1>Project "C:\Users\Martin\Documents\Liu\TNCG14\Labs\Lab 1\Project5\Project5\Project5.vcxproj" on node 2 (Build target(s)).
     1>ClCompile:
         C:\Program Files (x86)\Microsoft Visual Studio 12.0\VC\bin\CL.exe /c /ZI /nologo /W3 /WX- /sdl /Od /Oy- /D _MBCS /Gm /EHsc /RTC1 /MDd /GS /fp:precise /Zc:wchar_t /Zc:forScope /Fo"Debug\\" /Fd"Debug\vc120.pdb" /Gd /TC /analyze- /errorReport:prompt ..\..\cube.c
         cube.c
     1>c:\users\martin\documents\liu\tncg14\labs\lab 1\cube.c(69): warning C4013: 'glRotate' undefined; assuming extern returning int
     1>c:\users\martin\documents\liu\tncg14\labs\lab 1\cube.c(118): warning C4113: 'void (__cdecl *)()' differs in parameter lists from 'void (__cdecl *)(void)'
       Link:
         C:\Program Files (x86)\Microsoft Visual Studio 12.0\VC\bin\link.exe /ERRORREPORT:PROMPT /OUT:"C:\Users\Martin\Documents\Liu\TNCG14\Labs\Lab 1\Project5\Debug\Project5.exe" /INCREMENTAL /NOLOGO kernel32.lib user32.lib gdi32.lib winspool.lib comdlg32.lib advapi32.lib shell32.lib ole32.lib oleaut32.lib uuid.lib odbc32.lib odbccp32.lib /MANIFEST /MANIFESTUAC:"level='asInvoker' uiAccess='false'" /manifest:embed /DEBUG /PDB:"C:\Users\Martin\Documents\Liu\TNCG14\Labs\Lab 1\Project5\Debug\Project5.pdb" /TLBID:1 /DYNAMICBASE /NXCOMPAT /IMPLIB:"C:\Users\Martin\Documents\Liu\TNCG14\Labs\Lab 1\Project5\Debug\Project5.lib" /MACHINE:X86 Debug\cube.obj
     1>cube.obj : error LNK2019: unresolved external symbol _glRotate referenced in function _display
     1>C:\Users\Martin\Documents\Liu\TNCG14\Labs\Lab 1\Project5\Debug\Project5.exe : fatal error LNK1120: 1 unresolved externals
     1>Done Building Project "C:\Users\Martin\Documents\Liu\TNCG14\Labs\Lab 1\Project5\Project5\Project5.vcxproj" (Build target(s)) -- FAILED.

Build FAILED.

Time Elapsed 00:00:00.33
